3d-flipbook-dflip-lite	FileNotFoundError: [Errno 2] No such file or directory: 'semgrep'
404-to-301	FileNotFoundError: [Errno 2] No such file or directory: 'semgrep'
404page	FileNotFoundError: [Errno 2] No such file or directory: 'semgrep'
acf-content-analysis-for-yoast-seo	FileNotFoundError: [Errno 2] No such file or directory: 'semgrep'
acf-extended	FileNotFoundError: [Errno 2] No such file or directory: 'semgrep'
ad-inserter	FileNotFoundError: [Errno 2] No such file or directory: 'semgrep'
add-search-to-menu	FileNotFoundError: [Errno 2] No such file or directory: 'semgrep'
add-to-any	FileNotFoundError: [Errno 2] No such file or directory: 'semgrep'
admin-menu-editor	FileNotFoundError: [Errno 2] No such file or directory: 'semgrep'
admin-site-enhancements	FileNotFoundError: [Errno 2] No such file or directory: 'semgrep'
adminimize	FileNotFoundError: [Errno 2] No such file or directory: 'semgrep'
ads-txt	FileNotFoundError: [Errno 2] No such file or directory: 'semgrep'
advanced-access-manager	FileNotFoundError: [Errno 2] No such file or directory: 'semgrep'
advanced-ads	FileNotFoundError: [Errno 2] No such file or directory: 'semgrep'
advanced-custom-fields	FileNotFoundError: [Errno 2] No such file or directory: 'semgrep'
advanced-database-cleaner	FileNotFoundError: [Errno 2] No such file or directory: 'semgrep'
advanced-google-recaptcha	FileNotFoundError: [Errno 2] No such file or directory: 'semgrep'
advanced-nocaptcha-recaptcha	FileNotFoundError: [Errno 2] No such file or directory: 'semgrep'
ai-engine	FileNotFoundError: [Errno 2] No such file or directory: 'semgrep'
ajax-search-for-woocommerce	FileNotFoundError: [Errno 2] No such file or directory: 'semgrep'
akismet	FileNotFoundError: [Errno 2] No such file or directory: 'semgrep'
all-404-redirect-to-homepage	FileNotFoundError: [Errno 2] No such file or directory: 'semgrep'
all-in-one-seo-pack	FileNotFoundError: [Errno 2] No such file or directory: 'semgrep'
all-in-one-wp-migration	FileNotFoundError: [Errno 2] No such file or directory: 'semgrep'
all-in-one-wp-security-and-firewall	FileNotFoundError: [Errno 2] No such file or directory: 'semgrep'
amp	FileNotFoundError: [Errno 2] No such file or directory: 'semgrep'
antispam-bee	FileNotFoundError: [Errno 2] No such file or directory: 'semgrep'
aruba-hispeed-cache	FileNotFoundError: [Errno 2] No such file or directory: 'semgrep'
aryo-activity-log	FileNotFoundError: [Errno 2] No such file or directory: 'semgrep'
astra-sites	FileNotFoundError: [Errno 2] No such file or directory: 'semgrep'
astra-widgets	FileNotFoundError: [Errno 2] No such file or directory: 'semgrep'
auto-image-attributes-from-filename-with-bulk-updater	FileNotFoundError: [Errno 2] No such file or directory: 'semgrep'
autodescription	FileNotFoundError: [Errno 2] No such file or directory: 'semgrep'
autoptimize	FileNotFoundError: [Errno 2] No such file or directory: 'semgrep'
backup	FileNotFoundError: [Errno 2] No such file or directory: 'semgrep'
backuply	FileNotFoundError: [Errno 2] No such file or directory: 'semgrep'
backwpup	FileNotFoundError: [Errno 2] No such file or directory: 'semgrep'
bbpress	FileNotFoundError: [Errno 2] No such file or directory: 'semgrep'
bdthemes-element-pack-lite	FileNotFoundError: [Errno 2] No such file or directory: 'semgrep'
bdthemes-prime-slider-lite	FileNotFoundError: [Errno 2] No such file or directory: 'semgrep'
beaver-builder-lite-version	FileNotFoundError: [Errno 2] No such file or directory: 'semgrep'
better-search-replace	FileNotFoundError: [Errno 2] No such file or directory: 'semgrep'
better-wp-security	FileNotFoundError: [Errno 2] No such file or directory: 'semgrep'
black-studio-tinymce-widget	FileNotFoundError: [Errno 2] No such file or directory: 'semgrep'
block-bad-queries	FileNotFoundError: [Errno 2] No such file or directory: 'semgrep'
blocksy-companion	FileNotFoundError: [Errno 2] No such file or directory: 'semgrep'
breadcrumb-navxt	FileNotFoundError: [Errno 2] No such file or directory: 'semgrep'
breeze	FileNotFoundError: [Errno 2] No such file or directory: 'semgrep'
broken-link-checker	FileNotFoundError: [Errno 2] No such file or directory: 'semgrep'
broken-link-checker-seo	FileNotFoundError: [Errno 2] No such file or directory: 'semgrep'
buddypress	FileNotFoundError: [Errno 2] No such file or directory: 'semgrep'
burst-statistics	FileNotFoundError: [Errno 2] No such file or directory: 'semgrep'
call-now-button	FileNotFoundError: [Errno 2] No such file or directory: 'semgrep'
capability-manager-enhanced	FileNotFoundError: [Errno 2] No such file or directory: 'semgrep'
captcha-code-authentication	FileNotFoundError: [Errno 2] No such file or directory: 'semgrep'
cartflows	FileNotFoundError: [Errno 2] No such file or directory: 'semgrep'
cf7-conditional-fields	FileNotFoundError: [Errno 2] No such file or directory: 'semgrep'
chaty	FileNotFoundError: [Errno 2] No such file or directory: 'semgrep'
check-email	FileNotFoundError: [Errno 2] No such file or directory: 'semgrep'
child-theme-configurator	FileNotFoundError: [Errno 2] No such file or directory: 'semgrep'
classic-editor	FileNotFoundError: [Errno 2] No such file or directory: 'semgrep'
classic-widgets	FileNotFoundError: [Errno 2] No such file or directory: 'semgrep'
cleantalk-spam-protect	FileNotFoundError: [Errno 2] No such file or directory: 'semgrep'
click-to-chat-for-whatsapp	FileNotFoundError: [Errno 2] No such file or directory: 'semgrep'
cloudflare	FileNotFoundError: [Errno 2] No such file or directory: 'semgrep'
cloudflare-flexible-ssl	FileNotFoundError: [Errno 2] No such file or directory: 'semgrep'
cloudsecure-wp-security	FileNotFoundError: [Errno 2] No such file or directory: 'semgrep'
cmb2	FileNotFoundError: [Errno 2] No such file or directory: 'semgrep'
cmp-coming-soon-maintenance	FileNotFoundError: [Errno 2] No such file or directory: 'semgrep'
coblocks	FileNotFoundError: [Errno 2] No such file or directory: 'semgrep'
code-snippets	FileNotFoundError: [Errno 2] No such file or directory: 'semgrep'
codepress-admin-columns	FileNotFoundError: [Errno 2] No such file or directory: 'semgrep'
coming-soon	FileNotFoundError: [Errno 2] No such file or directory: 'semgrep'
complianz-gdpr	FileNotFoundError: [Errno 2] No such file or directory: 'semgrep'
complianz-terms-conditions	FileNotFoundError: [Errno 2] No such file or directory: 'semgrep'
connect-polylang-elementor	FileNotFoundError: [Errno 2] No such file or directory: 'semgrep'
contact-form-7	FileNotFoundError: [Errno 2] No such file or directory: 'semgrep'
contact-form-7-dynamic-text-extension	FileNotFoundError: [Errno 2] No such file or directory: 'semgrep'
contact-form-7-honeypot	FileNotFoundError: [Errno 2] No such file or directory: 'semgrep'
contact-form-7-simple-recaptcha	FileNotFoundError: [Errno 2] No such file or directory: 'semgrep'
contact-form-cfdb7	FileNotFoundError: [Errno 2] No such file or directory: 'semgrep'
content-views-query-and-display-post-page	FileNotFoundError: [Errno 2] No such file or directory: 'semgrep'
cookie-law-info	FileNotFoundError: [Errno 2] No such file or directory: 'semgrep'
cookie-notice	FileNotFoundError: [Errno 2] No such file or directory: 'semgrep'
cookieadmin	FileNotFoundError: [Errno 2] No such file or directory: 'semgrep'
cookiebot	FileNotFoundError: [Errno 2] No such file or directory: 'semgrep'
copy-delete-posts	FileNotFoundError: [Errno 2] No such file or directory: 'semgrep'
creame-whatsapp-me	FileNotFoundError: [Errno 2] No such file or directory: 'semgrep'
crowdsignal-forms	FileNotFoundError: [Errno 2] No such file or directory: 'semgrep'
custom-css-js	FileNotFoundError: [Errno 2] No such file or directory: 'semgrep'
custom-facebook-feed	FileNotFoundError: [Errno 2] No such file or directory: 'semgrep'
custom-fonts	FileNotFoundError: [Errno 2] No such file or directory: 'semgrep'
custom-permalinks	FileNotFoundError: [Errno 2] No such file or directory: 'semgrep'
custom-post-type-permalinks	FileNotFoundError: [Errno 2] No such file or directory: 'semgrep'
custom-post-type-ui	FileNotFoundError: [Errno 2] No such file or directory: 'semgrep'
custom-sidebars	FileNotFoundError: [Errno 2] No such file or directory: 'semgrep'
custom-twitter-feeds	FileNotFoundError: [Errno 2] No such file or directory: 'semgrep'
customizer-export-import	FileNotFoundError: [Errno 2] No such file or directory: 'semgrep'
cyr2lat	FileNotFoundError: [Errno 2] No such file or directory: 'semgrep'
disable-admin-notices	FileNotFoundError: [Errno 2] No such file or directory: 'semgrep'
